<?xml version="1.0" encoding="UTF-8"?>
<!-- Generated by org.testng.reporters.JUnitXMLReporter -->
<testsuite ignored="0" hostname="DESKTOP-O9OR2BF" failures="1" tests="1" name="Test" time="0.101" errors="0" timestamp="2023-01-28T17:47:48 IST">
  <testcase classname="com.Game.MainPage.One_To_Fifty_MainPage" name="user1" time="0.0">
    <failure type="org.testng.TestNGException" message="
Parameter &amp;apos;browser&amp;apos; is required by @Test on method user1 but has not been marked @Optional or defined
in C:\Users\Bhavin\eclipse-workspace\GameHouse\GameHouse\parallel.xml">
      <![CDATA[org.testng.TestNGException: 
Parameter 'browser' is required by @Test on method user1 but has not been marked @Optional or defined
in C:\Users\Bhavin\eclipse-workspace\GameHouse\GameHouse\parallel.xml
at java.base/java.util.concurrent.ThreadPoolExecutor.runWorker(ThreadPoolExecutor.java:1136)
at java.base/java.util.concurrent.ThreadPoolExecutor$Worker.run(ThreadPoolExecutor.java:635)
at java.base/java.lang.Thread.run(Thread.java:833)
... Removed 11 stack frames]]>
    </failure>
  </testcase> <!-- user1 -->
</testsuite> <!-- Test -->
